[debug] [2023-01-27T12:19:13.442Z] ----------------------------------------------------------------------
[debug] [2023-01-27T12:19:13.444Z] Command:       C:\Program Files\nodejs\node.exe C:\Users\desai\AppData\Roaming\npm\node_modules\firebase-tools\lib\bin\firebase.js init
[debug] [2023-01-27T12:19:13.444Z] CLI Version:   11.21.0
[debug] [2023-01-27T12:19:13.444Z] Platform:      win32
[debug] [2023-01-27T12:19:13.444Z] Node Version:  v16.15.1
[debug] [2023-01-27T12:19:13.445Z] Time:          Fri Jan 27 2023 17:49:13 GMT+0530 (India Standard Time)
[debug] [2023-01-27T12:19:13.446Z] ----------------------------------------------------------------------
[debug] 
[debug] [2023-01-27T12:19:13.455Z] > command requires scopes: ["email","openid","https://www.googleapis.com/auth/cloudplatformprojects.readonly","https://www.googleapis.com/auth/firebase","https://www.googleapis.com/auth/cloud-platform"]
[debug] [2023-01-27T12:19:13.455Z] > authorizing via signed-in user (desaiaksh82@gmail.com)
[info] 
     ######## #### ########  ######## ########     ###     ######  ########
     ##        ##  ##     ## ##       ##     ##  ##   ##  ##       ##
     ######    ##  ########  ######   ########  #########  ######  ######
     ##        ##  ##    ##  ##       ##     ## ##     ##       ## ##
     ##       #### ##     ## ######## ########  ##     ##  ######  ########

You're about to initialize a Firebase project in this directory:

  C:\firebase\practise-1\p1

Before we get started, keep in mind:

  * You are currently outside your home directory

[info] 
=== Project Setup
[info] 
[info] First, let's associate this project directory with a Firebase project.
[info] You can create multiple project aliases by running firebase use --add, 
[info] but for now we'll just set up a default project.
[info] 
[debug] [2023-01-27T12:19:31.934Z] > refreshing access token with scopes: []
[debug] [2023-01-27T12:19:31.935Z] >>> [apiv2][query] POST https://www.googleapis.com/oauth2/v3/token [none]
[debug] [2023-01-27T12:19:31.935Z] >>> [apiv2][body] POST https://www.googleapis.com/oauth2/v3/token [omitted]
[debug] [2023-01-27T12:19:32.338Z] <<< [apiv2][status] POST https://www.googleapis.com/oauth2/v3/token 200
[debug] [2023-01-27T12:19:32.339Z] <<< [apiv2][body] POST https://www.googleapis.com/oauth2/v3/token [omitted]
[debug] [2023-01-27T12:19:32.414Z] >>> [apiv2][query] GET https://firebase.googleapis.com/v1beta1/projects pageSize=100
[debug] [2023-01-27T12:19:33.684Z] <<< [apiv2][status] GET https://firebase.googleapis.com/v1beta1/projects 200
[debug] [2023-01-27T12:19:33.684Z] <<< [apiv2][body] GET https://firebase.googleapis.com/v1beta1/projects [omitted]
[info] i  Using project p222-3a641 (p222) 
[info] 
=== Hosting Setup
[info] 
[info] Your public directory is the folder (relative to your project directory) that
[info] will contain Hosting assets to be uploaded with firebase deploy. If you
[info] have a build process for your assets, use your build's output directory.
[info] 
[info] +  Wrote public/404.html 
[debug] [2023-01-27T12:20:47.382Z] >>> [apiv2][query] GET https://www.gstatic.com/firebasejs/releases.json [none]
